\BOOKMARK [1][-]{section.1}{Introduzione}{}% 1
\BOOKMARK [2][-]{subsection.1.1}{Obiettivo}{section.1}% 2
\BOOKMARK [2][-]{subsection.1.2}{SimplanPlus}{section.1}% 3
\BOOKMARK [2][-]{subsection.1.3}{Compilatore}{section.1}% 4
\BOOKMARK [2][-]{subsection.1.4}{Interprete}{section.1}% 5
\BOOKMARK [2][-]{subsection.1.5}{Stato dell'arte}{section.1}% 6
\BOOKMARK [1][-]{section.2}{Grammatica}{}% 7
\BOOKMARK [2][-]{subsection.2.1}{Blocchi}{section.2}% 8
\BOOKMARK [2][-]{subsection.2.2}{Dichiarazioni}{section.2}% 9
\BOOKMARK [2][-]{subsection.2.3}{Istruzioni}{section.2}% 10
\BOOKMARK [1][-]{section.3}{Espressioni}{}% 11
\BOOKMARK [2][-]{subsection.3.1}{Commenti e caratteri ignorati}{section.3}% 12
\BOOKMARK [2][-]{subsection.3.2}{Errori grammaticali}{section.3}% 13
\BOOKMARK [1][-]{section.4}{Semantica}{}% 14
\BOOKMARK [2][-]{subsection.4.1}{Ambiente}{section.4}% 15
\BOOKMARK [2][-]{subsection.4.2}{Errori semantici}{section.4}% 16
\BOOKMARK [1][-]{section.5}{Controllo dei tipi}{}% 17
\BOOKMARK [2][-]{subsection.5.1}{Tipi}{section.5}% 18
\BOOKMARK [1][-]{section.6}{Analisi degli effetti}{}% 19
\BOOKMARK [2][-]{subsection.6.1}{Struttura ambiente}{section.6}% 20
\BOOKMARK [2][-]{subsection.6.2}{Effetti}{section.6}% 21
\BOOKMARK [1][-]{section.7}{Compilatore}{}% 22
\BOOKMARK [2][-]{subsection.7.1}{Compilatore SimplanPlus}{section.7}% 23
\BOOKMARK [1][-]{section.8}{Interprete}{}% 24
\BOOKMARK [2][-]{subsection.8.1}{Interprete SimplanPlus}{section.8}% 25
\BOOKMARK [1][-]{section.9}{Esempi}{}% 26
\BOOKMARK [2][-]{subsection.9.1}{Esempio 1}{section.9}% 27
